00:00.079  color_management | Using OCIO=C:\Program Files\Blender Foundation\Blender 5.1\5.1\datafiles\colormanagement\config.ocio
c:\Users\Stephen\Documents\GitHub\Sterilizer-Website\scripts\render-device-sun.py:134: DeprecationWarning: 'Material.use_nodes' is expected to be removed in Blender 6.0
  mat.use_nodes = True
c:\Users\Stephen\Documents\GitHub\Sterilizer-Website\scripts\render-device-sun.py:258: DeprecationWarning: 'Material.use_nodes' is expected to be removed in Blender 6.0
  mat.use_nodes = True
c:\Users\Stephen\Documents\GitHub\Sterilizer-Website\scripts\render-device-sun.py:267: DeprecationWarning: 'Material.use_nodes' is expected to be removed in Blender 6.0
  edge_mat.use_nodes = True
c:\Users\Stephen\Documents\GitHub\Sterilizer-Website\scripts\render-device-sun.py:310: DeprecationWarning: 'Material.use_nodes' is expected to be removed in Blender 6.0
  contact_mat.use_nodes = True
c:\Users\Stephen\Documents\GitHub\Sterilizer-Website\scripts\render-device-sun.py:336: DeprecationWarning: 'Material.use_nodes' is expected to be removed in Blender 6.0
  mat.use_nodes = True
c:\Users\Stephen\Documents\GitHub\Sterilizer-Website\scripts\render-device-sun.py:393: DeprecationWarning: 'World.use_nodes' is expected to be removed in Blender 6.0
  world.use_nodes = True
45:29.188  render           | Saved: 'c:\Users\Stephen\Documents\GitHub\Sterilizer-Website\public\renderings\forth-device-sun-frame-00.png'
BlenderMCP addon registered
BlenderMCP addon unregistered
Info: Applied modifier was not first, result may not be as expected
Info: Removed 0 vertices
[sun] 1/1 → c:\Users\Stephen\Documents\GitHub\Sterilizer-Website\public\renderings\forth-device-sun-frame-00.png
[sun] Done. Frames in c:\Users\Stephen\Documents\GitHub\Sterilizer-Website\public\renderings
Blender 5.1.1 (hash b70da489d7f4 built 2026-04-14 01:37:22)

Blender quit
