00:00.078  color_management | Using OCIO=C:\Program Files\Blender Foundation\Blender 5.1\5.1\datafiles\colormanagement\config.ocio
c:\Users\Stephen\Documents\GitHub\Sterilizer-Website\scripts\render-device-midnight-coarse.py:133: DeprecationWarning: 'Material.use_nodes' is expected to be removed in Blender 6.0
  mat.use_nodes = True
c:\Users\Stephen\Documents\GitHub\Sterilizer-Website\scripts\render-device-midnight-coarse.py:257: DeprecationWarning: 'Material.use_nodes' is expected to be removed in Blender 6.0
  mat.use_nodes = True
c:\Users\Stephen\Documents\GitHub\Sterilizer-Website\scripts\render-device-midnight-coarse.py:266: DeprecationWarning: 'Material.use_nodes' is expected to be removed in Blender 6.0
  edge_mat.use_nodes = True
c:\Users\Stephen\Documents\GitHub\Sterilizer-Website\scripts\render-device-midnight-coarse.py:309: DeprecationWarning: 'Material.use_nodes' is expected to be removed in Blender 6.0
  contact_mat.use_nodes = True
c:\Users\Stephen\Documents\GitHub\Sterilizer-Website\scripts\render-device-midnight-coarse.py:335: DeprecationWarning: 'Material.use_nodes' is expected to be removed in Blender 6.0
  mat.use_nodes = True
c:\Users\Stephen\Documents\GitHub\Sterilizer-Website\scripts\render-device-midnight-coarse.py:392: DeprecationWarning: 'World.use_nodes' is expected to be removed in Blender 6.0
  world.use_nodes = True
35:19.437  render           | Saved: 'c:\Users\Stephen\Documents\GitHub\Sterilizer-Website\public\renderings\forth-device-midnight-coarse-frame-00.png'
BlenderMCP addon registered
BlenderMCP addon unregistered
Info: Applied modifier was not first, result may not be as expected
Info: Removed 0 vertices
[midnight-coarse] Done → c:\Users\Stephen\Documents\GitHub\Sterilizer-Website\public\renderings\forth-device-midnight-coarse-frame-00.png
Blender 5.1.1 (hash b70da489d7f4 built 2026-04-14 01:37:22)

Blender quit
