00:00.016  color_management | Using OCIO=C:\Program Files\Blender Foundation\Blender 5.1\5.1\datafiles\colormanagement\config.ocio
c:\Users\Stephen\Documents\GitHub\Sterilizer-Website\scripts\render-device-coral.py:74: DeprecationWarning: 'Material.use_nodes' is expected to be removed in Blender 6.0
  mat.use_nodes = True
c:\Users\Stephen\Documents\GitHub\Sterilizer-Website\scripts\render-device-coral.py:167: DeprecationWarning: 'Material.use_nodes' is expected to be removed in Blender 6.0
  mat.use_nodes = True
c:\Users\Stephen\Documents\GitHub\Sterilizer-Website\scripts\render-device-coral.py:176: DeprecationWarning: 'Material.use_nodes' is expected to be removed in Blender 6.0
  edge_mat.use_nodes = True
c:\Users\Stephen\Documents\GitHub\Sterilizer-Website\scripts\render-device-coral.py:233: DeprecationWarning: 'Material.use_nodes' is expected to be removed in Blender 6.0
  mat.use_nodes = True
c:\Users\Stephen\Documents\GitHub\Sterilizer-Website\scripts\render-device-coral.py:201: DeprecationWarning: 'Material.use_nodes' is expected to be removed in Blender 6.0
  mat.use_nodes = True
c:\Users\Stephen\Documents\GitHub\Sterilizer-Website\scripts\render-device-coral.py:296: DeprecationWarning: 'Material.use_nodes' is expected to be removed in Blender 6.0
  contact_mat.use_nodes = True
c:\Users\Stephen\Documents\GitHub\Sterilizer-Website\scripts\render-device-coral.py:265: DeprecationWarning: 'Material.use_nodes' is expected to be removed in Blender 6.0
  mat.use_nodes = True
c:\Users\Stephen\Documents\GitHub\Sterilizer-Website\scripts\render-device-coral.py:317: DeprecationWarning: 'Material.use_nodes' is expected to be removed in Blender 6.0
  mat.use_nodes = True
c:\Users\Stephen\Documents\GitHub\Sterilizer-Website\scripts\render-device-coral.py:365: DeprecationWarning: 'World.use_nodes' is expected to be removed in Blender 6.0
  scene.world = world; world.use_nodes = True
15:25.735  render           | Saved: 'c:\Users\Stephen\Documents\GitHub\Sterilizer-Website\public\renderings\forth-device-coral-frame-00.png'
40:04.204  render           | Saved: 'c:\Users\Stephen\Documents\GitHub\Sterilizer-Website\public\renderings\forth-device-coral-frame-01.png'
01:01:03.516  render           | Saved: 'c:\Users\Stephen\Documents\GitHub\Sterilizer-Website\public\renderings\forth-device-coral-frame-02.png'
01:15:53.766  render           | Saved: 'c:\Users\Stephen\Documents\GitHub\Sterilizer-Website\public\renderings\forth-device-coral-frame-03.png'
01:32:08.750  render           | Saved: 'c:\Users\Stephen\Documents\GitHub\Sterilizer-Website\public\renderings\forth-device-coral-frame-04.png'
02:04:31.625  render           | Saved: 'c:\Users\Stephen\Documents\GitHub\Sterilizer-Website\public\renderings\forth-device-coral-frame-05.png'
02:45:05.188  render           | Saved: 'c:\Users\Stephen\Documents\GitHub\Sterilizer-Website\public\renderings\forth-device-coral-frame-06.png'
03:10:54.844  render           | Saved: 'c:\Users\Stephen\Documents\GitHub\Sterilizer-Website\public\renderings\forth-device-coral-frame-07.png'
03:37:33.969  render           | Saved: 'c:\Users\Stephen\Documents\GitHub\Sterilizer-Website\public\renderings\forth-device-coral-frame-08.png'
03:52:31.391  render           | Saved: 'c:\Users\Stephen\Documents\GitHub\Sterilizer-Website\public\renderings\forth-device-coral-frame-09.png'
04:18:45.282  render           | Saved: 'c:\Users\Stephen\Documents\GitHub\Sterilizer-Website\public\renderings\forth-device-coral-frame-10.png'
04:41:11.500  render           | Saved: 'c:\Users\Stephen\Documents\GitHub\Sterilizer-Website\public\renderings\forth-device-coral-frame-11.png'
05:00:43.688  render           | Saved: 'c:\Users\Stephen\Documents\GitHub\Sterilizer-Website\public\renderings\forth-device-coral-frame-12.png'
05:33:55.672  render           | Saved: 'c:\Users\Stephen\Documents\GitHub\Sterilizer-Website\public\renderings\forth-device-coral-frame-13.png'
05:51:05.610  render           | Saved: 'c:\Users\Stephen\Documents\GitHub\Sterilizer-Website\public\renderings\forth-device-coral-frame-14.png'
06:06:23.969  render           | Saved: 'c:\Users\Stephen\Documents\GitHub\Sterilizer-Website\public\renderings\forth-device-coral-frame-15.png'
06:34:38.407  render           | Saved: 'c:\Users\Stephen\Documents\GitHub\Sterilizer-Website\public\renderings\forth-device-coral-frame-16.png'
06:55:17.532  render           | Saved: 'c:\Users\Stephen\Documents\GitHub\Sterilizer-Website\public\renderings\forth-device-coral-frame-17.png'
07:09:55.579  render           | Saved: 'c:\Users\Stephen\Documents\GitHub\Sterilizer-Website\public\renderings\forth-device-coral-frame-18.png'
07:25:18.282  render           | Saved: 'c:\Users\Stephen\Documents\GitHub\Sterilizer-Website\public\renderings\forth-device-coral-frame-19.png'
23:16:42.125  render           | Saved: 'c:\Users\Stephen\Documents\GitHub\Sterilizer-Website\public\renderings\forth-device-coral-frame-20.png'
23:35:14.454  render           | Saved: 'c:\Users\Stephen\Documents\GitHub\Sterilizer-Website\public\renderings\forth-device-coral-frame-21.png'
24:01:08.969  render           | Saved: 'c:\Users\Stephen\Documents\GitHub\Sterilizer-Website\public\renderings\forth-device-coral-frame-22.png'
24:30:27.266  render           | Saved: 'c:\Users\Stephen\Documents\GitHub\Sterilizer-Website\public\renderings\forth-device-coral-frame-23.png'
25:00:12.329  render           | Saved: 'c:\Users\Stephen\Documents\GitHub\Sterilizer-Website\public\renderings\forth-device-coral-frame-24.png'
25:22:37.985  render           | Saved: 'c:\Users\Stephen\Documents\GitHub\Sterilizer-Website\public\renderings\forth-device-coral-frame-25.png'
25:50:17.360  render           | Saved: 'c:\Users\Stephen\Documents\GitHub\Sterilizer-Website\public\renderings\forth-device-coral-frame-26.png'
26:14:45.157  render           | Saved: 'c:\Users\Stephen\Documents\GitHub\Sterilizer-Website\public\renderings\forth-device-coral-frame-27.png'
26:43:59.422  render           | Saved: 'c:\Users\Stephen\Documents\GitHub\Sterilizer-Website\public\renderings\forth-device-coral-frame-28.png'
27:09:04.797  render           | Saved: 'c:\Users\Stephen\Documents\GitHub\Sterilizer-Website\public\renderings\forth-device-coral-frame-29.png'
27:33:16.891  render           | Saved: 'c:\Users\Stephen\Documents\GitHub\Sterilizer-Website\public\renderings\forth-device-coral-frame-30.png'
28:00:50.516  render           | Saved: 'c:\Users\Stephen\Documents\GitHub\Sterilizer-Website\public\renderings\forth-device-coral-frame-31.png'
28:17:12.860  render           | Saved: 'c:\Users\Stephen\Documents\GitHub\Sterilizer-Website\public\renderings\forth-device-coral-frame-32.png'
28:41:54.032  render           | Saved: 'c:\Users\Stephen\Documents\GitHub\Sterilizer-Website\public\renderings\forth-device-coral-frame-33.png'
29:09:14.860  render           | Saved: 'c:\Users\Stephen\Documents\GitHub\Sterilizer-Website\public\renderings\forth-device-coral-frame-34.png'
